\BOOKMARK [0][-]{dedication.0}{\376\377\000D\000e\000d\000i\000c\000a\000t\000\363\000r\000i\000a}{}% 1
\BOOKMARK [0][-]{acknowledgements.0}{\376\377\000A\000g\000r\000a\000d\000e\000c\000i\000m\000e\000n\000t\000o\000s}{}% 2
\BOOKMARK [0][-]{resumo.0}{\376\377\000R\000e\000s\000u\000m\000o}{}% 3
\BOOKMARK [0][-]{abstract.0}{\376\377\000A\000b\000s\000t\000r\000a\000c\000t}{}% 4
\BOOKMARK [0][-]{chapter.1}{\376\377\000I\000n\000t\000r\000o\000d\000u\000\347\000\343\000o}{}% 5
\BOOKMARK [1][-]{section.1.1}{\376\377\000P\000r\000o\000b\000l\000e\000m\000a}{chapter.1}% 6
\BOOKMARK [1][-]{section.1.2}{\376\377\000M\000o\000t\000i\000v\000a\000\347\000\343\000o}{chapter.1}% 7
\BOOKMARK [1][-]{section.1.3}{\376\377\000O\000b\000j\000e\000t\000i\000v\000o}{chapter.1}% 8
\BOOKMARK [1][-]{section.1.4}{\376\377\000O\000b\000j\000e\000t\000i\000v\000o\000s\000\040\000E\000s\000p\000e\000c\000\355\000f\000i\000c\000o\000s}{chapter.1}% 9
\BOOKMARK [1][-]{section.1.5}{\376\377\000M\000e\000t\000o\000d\000o\000l\000o\000g\000i\000a}{chapter.1}% 10
\BOOKMARK [1][-]{section.1.6}{\376\377\000O\000r\000g\000a\000n\000i\000z\000a\000\347\000\343\000o\000\040\000d\000o\000s\000\040\000C\000a\000p\000\355\000t\000u\000l\000o\000s}{chapter.1}% 11
\BOOKMARK [0][-]{chapter.2}{\376\377\000F\000u\000n\000d\000a\000m\000e\000n\000t\000a\000\347\000\343\000o\000\040\000t\000e\000\363\000r\000i\000c\000a}{}% 12
\BOOKMARK [1][-]{section.2.1}{\376\377\000I\000n\000d\000\372\000s\000t\000r\000i\000a\000\040\000d\000o\000\040\000c\000i\000n\000e\000m\000a}{chapter.2}% 13
\BOOKMARK [2][-]{subsection.2.1.1}{\376\377\000I\000n\000d\000\372\000s\000t\000r\000i\000a\000\040\000B\000r\000a\000s\000i\000l\000e\000i\000r\000a\000\040\000d\000e\000\040\000C\000i\000n\000e\000m\000a}{section.2.1}% 14
\BOOKMARK [2][-]{subsection.2.1.2}{\376\377\000I\000n\000d\000\372\000s\000t\000r\000i\000a\000\040\000A\000m\000e\000r\000i\000c\000a\000n\000a\000\040\000d\000e\000\040\000C\000i\000n\000e\000m\000a}{section.2.1}% 15
\BOOKMARK [2][-]{subsection.2.1.3}{\376\377\000T\000M\000D\000B}{section.2.1}% 16
\BOOKMARK [1][-]{section.2.2}{\376\377\000D\000e\000s\000e\000m\000p\000e\000n\000h\000o\000\040\000F\000i\000n\000a\000n\000c\000e\000i\000r\000o}{chapter.2}% 17
\BOOKMARK [2][-]{subsection.2.2.1}{\376\377\000L\000u\000c\000r\000o\000\040\000l\000\355\000q\000u\000i\000d\000o}{section.2.2}% 18
\BOOKMARK [2][-]{subsection.2.2.2}{\376\377\000R\000O\000I}{section.2.2}% 19
\BOOKMARK [1][-]{section.2.3}{\376\377\000C\000o\000n\000c\000e\000i\000t\000o\000s\000\040\000F\000u\000n\000d\000a\000m\000e\000n\000t\000a\000i\000s\000\040\000d\000a\000\040\000E\000s\000t\000a\000t\000\355\000s\000t\000i\000c\000a}{chapter.2}% 20
\BOOKMARK [2][-]{subsection.2.3.1}{\376\377\000P\000o\000p\000u\000l\000a\000\347\000\343\000o\000\040\000e\000\040\000a\000m\000o\000s\000t\000r\000a}{section.2.3}% 21
\BOOKMARK [2][-]{subsection.2.3.2}{\376\377\000D\000e\000s\000v\000i\000o\000\040\000p\000a\000d\000r\000\343\000o}{section.2.3}% 22
\BOOKMARK [1][-]{section.2.4}{\376\377\000D\000a\000d\000o\000s\000,\000\040\000i\000n\000f\000o\000r\000m\000a\000\347\000\343\000o\000\040\000e\000\040\000c\000o\000n\000h\000e\000c\000i\000m\000e\000n\000t\000o}{chapter.2}% 23
\BOOKMARK [1][-]{section.2.5}{\376\377\000K\000D\000D}{chapter.2}% 24
\BOOKMARK [2][-]{subsection.2.5.1}{\376\377\000S\000e\000l\000e\000\347\000\343\000o\000\040\000d\000o\000s\000\040\000D\000a\000d\000o\000s}{section.2.5}% 25
\BOOKMARK [2][-]{subsection.2.5.2}{\376\377\000P\000r\000\351\000-\000p\000r\000o\000c\000e\000s\000s\000a\000m\000e\000n\000t\000o\000\040\000d\000o\000s\000\040\000D\000a\000d\000o\000s}{section.2.5}% 26
\BOOKMARK [2][-]{subsection.2.5.3}{\376\377\000T\000r\000a\000n\000s\000f\000o\000r\000m\000a\000\347\000\343\000o\000\040\000d\000o\000s\000\040\000D\000a\000d\000o\000s}{section.2.5}% 27
\BOOKMARK [2][-]{subsection.2.5.4}{\376\377\000M\000i\000n\000e\000r\000a\000\347\000\343\000o\000\040\000d\000e\000\040\000D\000a\000d\000o\000s}{section.2.5}% 28
\BOOKMARK [2][-]{subsection.2.5.5}{\376\377\000I\000n\000t\000e\000r\000p\000r\000e\000t\000a\000\347\000\343\000o\000\040\000e\000\040\000A\000v\000a\000l\000i\000a\000\347\000\343\000o\000\040\000d\000o\000s\000\040\000R\000e\000s\000u\000l\000t\000a\000d\000o\000s}{section.2.5}% 29
\BOOKMARK [1][-]{section.2.6}{\376\377\000T\000\351\000c\000n\000i\000c\000a\000s\000\040\000p\000a\000r\000a\000\040\000M\000i\000n\000e\000r\000a\000\347\000\343\000o\000\040\000d\000e\000\040\000D\000a\000d\000o\000s}{chapter.2}% 30
\BOOKMARK [2][-]{subsection.2.6.1}{\376\377\000R\000e\000g\000r\000e\000s\000s\000\343\000o\000\040\000l\000i\000n\000e\000a\000r}{section.2.6}% 31
\BOOKMARK [2][-]{subsection.2.6.2}{\376\377\000K\000-\000F\000o\000l\000d}{section.2.6}% 32
\BOOKMARK [2][-]{subsection.2.6.3}{\376\377\000\301\000r\000v\000o\000r\000e\000\040\000d\000e\000\040\000D\000e\000c\000i\000s\000\343\000o}{section.2.6}% 33
\BOOKMARK [2][-]{subsection.2.6.4}{\376\377\000\301\000r\000v\000o\000r\000e\000\040\000d\000e\000\040\000C\000l\000a\000s\000s\000i\000f\000i\000c\000a\000\347\000\343\000o}{section.2.6}% 34
\BOOKMARK [1][-]{section.2.7}{\376\377\000F\000e\000r\000r\000a\000m\000e\000n\000t\000a\000s\000\040\000U\000t\000i\000l\000i\000z\000a\000d\000a\000s}{chapter.2}% 35
\BOOKMARK [2][-]{subsection.2.7.1}{\376\377\000P\000y\000t\000h\000o\000n\000\040\000e\000\040\000B\000i\000b\000l\000i\000o\000t\000e\000c\000a\000s}{section.2.7}% 36
\BOOKMARK [2][-]{subsection.2.7.2}{\376\377\000J\000u\000p\000y\000t\000e\000r\000\040\000N\000o\000t\000e\000b\000o\000o\000k}{section.2.7}% 37
\BOOKMARK [2][-]{subsection.2.7.3}{\376\377\000A\000P\000I\000\040\000R\000E\000S\000T}{section.2.7}% 38
\BOOKMARK [2][-]{subsection.2.7.4}{\376\377\000G\000e\000o\000J\000S\000O\000N}{section.2.7}% 39
\BOOKMARK [1][-]{section.2.8}{\376\377\000T\000r\000a\000b\000a\000l\000h\000o\000s\000\040\000R\000e\000l\000a\000c\000i\000o\000n\000a\000d\000o\000s}{chapter.2}% 40
\BOOKMARK [0][-]{chapter.3}{\376\377\000P\000r\000e\000p\000a\000r\000a\000\347\000\343\000o\000\040\000d\000o\000s\000\040\000d\000a\000d\000o\000s}{}% 41
\BOOKMARK [1][-]{section.3.1}{\376\377\000C\000o\000l\000e\000t\000a\000\040\000d\000o\000s\000\040\000d\000a\000d\000o\000s}{chapter.3}% 42
\BOOKMARK [2][-]{subsection.3.1.1}{\376\377\000P\000r\000o\000c\000e\000s\000s\000o\000\040\000d\000e\000\040\000c\000o\000l\000e\000t\000a\000\040\000d\000e\000\040\000d\000a\000d\000o\000s}{section.3.1}% 43
\BOOKMARK [2][-]{subsection.3.1.2}{\376\377\000E\000s\000t\000r\000u\000t\000u\000r\000a\000\347\000\343\000o\000\040\000e\000\040\000a\000r\000m\000a\000z\000e\000n\000a\000m\000e\000n\000t\000o\000\040\000d\000o\000s\000\040\000D\000a\000d\000o\000s}{section.3.1}% 44
\BOOKMARK [2][-]{subsection.3.1.3}{\376\377\000E\000s\000t\000r\000u\000t\000u\000r\000a\000\040\000d\000o\000s\000\040\000d\000a\000d\000o\000s}{section.3.1}% 45
\BOOKMARK [1][-]{section.3.2}{\376\377\000S\000e\000l\000e\000\347\000\343\000o\000\040\000e\000\040\000t\000r\000a\000t\000a\000m\000e\000n\000t\000o\000\040\000d\000o\000s\000\040\000d\000a\000d\000o\000s}{chapter.3}% 46
\BOOKMARK [2][-]{subsection.3.2.1}{\376\377\000F\000l\000u\000x\000o\000\040\000d\000e\000\040\000t\000r\000a\000n\000s\000f\000o\000r\000m\000a\000\347\000\343\000o\000\040\000d\000o\000s\000\040\000d\000a\000d\000o\000s}{section.3.2}% 47
\BOOKMARK [2][-]{subsection.3.2.2}{\376\377\000M\000a\000p\000e\000a\000m\000e\000n\000t\000o\000\040\000e\000\040\000t\000r\000a\000n\000s\000f\000o\000r\000m\000a\000\347\000\343\000o\000\040\000d\000e\000\040\000d\000a\000d\000o\000s}{section.3.2}% 48
\BOOKMARK [2][-]{subsection.3.2.3}{\376\377\000R\000e\000m\000o\000\347\000\343\000o\000\040\000d\000e\000\040\000c\000o\000l\000u\000n\000a\000s\000\040\000i\000r\000r\000e\000l\000e\000v\000a\000n\000t\000e\000s}{section.3.2}% 49
\BOOKMARK [2][-]{subsection.3.2.4}{\376\377\000E\000s\000t\000r\000u\000t\000u\000r\000a\000\040\000f\000i\000n\000a\000l\000\040\000d\000o\000s\000\040\000d\000a\000d\000o\000s}{section.3.2}% 50
\BOOKMARK [2][-]{subsection.3.2.5}{\376\377\000F\000i\000l\000t\000r\000o\000s\000\040\000A\000p\000l\000i\000c\000a\000d\000o\000s}{section.3.2}% 51
\BOOKMARK [0][-]{chapter.4}{\376\377\000A\000n\000\341\000l\000i\000s\000e\000\040\000d\000o\000s\000\040\000d\000a\000d\000o\000s}{}% 52
\BOOKMARK [1][-]{section.4.1}{\376\377\000A\000n\000\341\000l\000i\000s\000e\000\040\000i\000n\000i\000c\000i\000a\000l\000\040\000d\000o\000s\000\040\000d\000a\000d\000o\000s}{chapter.4}% 53
\BOOKMARK [2][-]{subsection.4.1.1}{\376\377\000A\000n\000\341\000l\000i\000s\000e\000\040\000d\000a\000s\000\040\000v\000a\000r\000i\000\341\000v\000e\000i\000s\000\040\000n\000u\000m\000\351\000r\000i\000c\000a\000s}{section.4.1}% 54
\BOOKMARK [2][-]{subsection.4.1.2}{\376\377\000D\000i\000s\000t\000r\000i\000b\000u\000i\000\347\000\343\000o\000\040\000a\000n\000u\000a\000l\000\040\000d\000a\000\040\000q\000u\000a\000n\000t\000i\000d\000a\000d\000e\000\040\000d\000e\000\040\000f\000i\000l\000m\000e\000s\000\040\000p\000o\000r\000\040\000p\000a\000\355\000s}{section.4.1}% 55
\BOOKMARK [1][-]{section.4.2}{\376\377\000A\000n\000\341\000l\000i\000s\000e\000\040\000d\000e\000\040\000c\000o\000n\000t\000e\000\372\000d\000o\000\040\000d\000o\000s\000\040\000f\000i\000l\000m\000e\000s}{chapter.4}% 56
\BOOKMARK [2][-]{subsection.4.2.1}{\376\377\000M\000a\000p\000a\000\040\000d\000e\000\040\000p\000a\000l\000a\000v\000r\000a\000s\000-\000c\000h\000a\000v\000e}{section.4.2}% 57
\BOOKMARK [2][-]{subsection.4.2.2}{\376\377\000G\000r\000a\000f\000o\000\040\000d\000e\000\040\000R\000e\000l\000a\000c\000i\000o\000n\000a\000m\000e\000n\000t\000o\000\040\000e\000n\000t\000r\000e\000\040\000P\000a\000l\000a\000v\000r\000a\000s\000-\000c\000h\000a\000v\000e}{section.4.2}% 58
\BOOKMARK [2][-]{subsection.4.2.3}{\376\377\000H\000i\000s\000t\000o\000g\000r\000a\000m\000a\000\040\000d\000e\000\040\000G\000\352\000n\000e\000r\000o\000s\000\040\000d\000o\000s\000\040\000F\000i\000l\000m\000e\000s}{section.4.2}% 59
\BOOKMARK [1][-]{section.4.3}{\376\377\000A\000n\000\341\000l\000i\000s\000e\000\040\000d\000e\000\040\000G\000\352\000n\000e\000r\000o\000\040\000d\000o\000\040\000e\000l\000e\000n\000c\000o\000\040\000e\000\040\000p\000r\000o\000d\000u\000\347\000\343\000o}{chapter.4}% 60
\BOOKMARK [2][-]{subsection.4.3.1}{\376\377\000A\000n\000\341\000l\000i\000s\000e\000\040\000a\000n\000u\000a\000l\000\040\000d\000e\000\040\000f\000r\000e\000q\000u\000\352\000n\000c\000i\000a\000\040\000d\000e\000\040\000g\000\352\000n\000e\000r\000o\000s\000\040\000d\000o\000\040\000e\000l\000e\000n\000c\000o}{section.4.3}% 61
\BOOKMARK [2][-]{subsection.4.3.2}{\376\377\000D\000i\000s\000t\000r\000i\000b\000u\000i\000\347\000\343\000o\000\040\000d\000e\000\040\000g\000\352\000n\000e\000r\000o\000\040\000e\000m\000\040\000p\000a\000p\000\351\000i\000s\000\040\000p\000r\000i\000n\000c\000i\000p\000a\000i\000s\000\040\000e\000\040\000s\000e\000c\000u\000n\000d\000\341\000r\000i\000o\000s}{section.4.3}% 62
\BOOKMARK [2][-]{subsection.4.3.3}{\376\377\000Q\000u\000a\000n\000t\000i\000d\000a\000d\000e\000\040\000d\000e\000\040\000f\000i\000l\000m\000e\000s\000\040\000r\000e\000a\000l\000i\000z\000a\000d\000o\000s\000\040\000p\000o\000r\000\040\000a\000t\000o\000r\000\040\000g\000\352\000n\000e\000r\000o}{section.4.3}% 63
\BOOKMARK [2][-]{subsection.4.3.4}{\376\377\000A\000n\000\341\000l\000i\000s\000e\000\040\000a\000n\000u\000a\000l\000\040\000d\000e\000\040\000f\000r\000e\000q\000u\000\352\000n\000c\000i\000a\000\040\000d\000e\000\040\000g\000\352\000n\000e\000r\000o\000s\000\040\000n\000a\000\040\000p\000r\000o\000d\000u\000\347\000\343\000o}{section.4.3}% 64
\BOOKMARK [2][-]{subsection.4.3.5}{\376\377\000H\000e\000a\000t\000m\000a\000p\000\040\000d\000e\000\040\000g\000\352\000n\000e\000r\000o\000s\000\040\000n\000a\000\040\000p\000r\000o\000d\000u\000\347\000\343\000o\000\040\000d\000o\000s\000\040\000f\000i\000l\000m\000e\000s}{section.4.3}% 65
\BOOKMARK [1][-]{section.4.4}{\376\377\000A\000n\000\341\000l\000i\000s\000e\000\040\000e\000c\000o\000n\000\364\000m\000i\000c\000a\000\040\000d\000o\000s\000\040\000f\000i\000l\000m\000e\000s}{chapter.4}% 66
\BOOKMARK [2][-]{subsection.4.4.1}{\376\377\000E\000v\000o\000l\000u\000\347\000\343\000o\000\040\000a\000n\000u\000a\000l\000\040\000d\000o\000\040\000o\000r\000\347\000a\000m\000e\000n\000t\000o\000,\000\040\000r\000e\000c\000e\000i\000t\000a\000\040\000e\000\040\000l\000u\000c\000r\000o}{section.4.4}% 67
\BOOKMARK [2][-]{subsection.4.4.2}{\376\377\000S\000u\000c\000e\000s\000s\000o\000\040\000f\000i\000n\000a\000n\000c\000e\000i\000r\000o\000\040\000e\000m\000\040\000r\000e\000l\000a\000\347\000\343\000o\000\040\000a\000o\000s\000\040\000g\000\352\000n\000e\000r\000o\000s\000\040\000d\000o\000s\000\040\000f\000i\000l\000m\000e\000s}{section.4.4}% 68
\BOOKMARK [2][-]{subsection.4.4.3}{\376\377\000S\000u\000c\000e\000s\000s\000o\000\040\000f\000i\000n\000a\000n\000c\000e\000i\000r\000o\000\040\000e\000m\000\040\000r\000e\000l\000a\000\347\000\343\000o\000\040\000a\000\040\000c\000o\000l\000e\000\347\000\365\000e\000s}{section.4.4}% 69
\BOOKMARK [2][-]{subsection.4.4.4}{\376\377\000R\000e\000l\000a\000\347\000\343\000o\000\040\000e\000n\000t\000r\000e\000\040\000o\000r\000\347\000a\000m\000e\000n\000t\000o\000\040\000e\000\040\000R\000O\000I\000\040\000m\000e\000d\000i\000a\000n\000o\000s\000\040\000e\000m\000\040\000c\000o\000m\000p\000a\000n\000h\000i\000a\000s\000\040\000d\000e\000\040\000p\000r\000o\000d\000u\000\347\000\343\000o\000\040\000c\000i\000n\000e\000m\000a\000t\000o\000g\000r\000\341\000f\000i\000c\000a}{section.4.4}% 70
\BOOKMARK [2][-]{subsection.4.4.5}{\376\377\000S\000u\000c\000e\000s\000s\000o\000\040\000f\000i\000n\000a\000n\000c\000e\000i\000r\000o\000\040\000e\000m\000\040\000r\000e\000l\000a\000\347\000\343\000o\000\040\000a\000\040\000p\000a\000\355\000s\000e\000s\000\040\000p\000r\000o\000d\000u\000t\000o\000r\000e\000s\000\040\000d\000e\000\040\000f\000i\000l\000m\000e\000s}{section.4.4}% 71
\BOOKMARK [1][-]{section.4.5}{\376\377\000P\000r\000e\000v\000i\000s\000\343\000o\000\040\000d\000o\000\040\000s\000u\000c\000e\000s\000s\000o\000\040\000f\000i\000n\000a\000n\000c\000e\000i\000r\000o\000\040\000d\000e\000\040\000u\000m\000\040\000f\000i\000l\000m\000e}{chapter.4}% 72
\BOOKMARK [2][-]{subsection.4.5.1}{\376\377\000P\000r\000e\000v\000i\000s\000\343\000o\000\040\000u\000t\000i\000l\000i\000z\000a\000n\000d\000o\000\040\000r\000e\000g\000r\000e\000s\000s\000\343\000o\000\040\000l\000i\000n\000e\000a\000r}{section.4.5}% 73
\BOOKMARK [2][-]{subsection.4.5.2}{\376\377\000R\000e\000g\000r\000e\000s\000s\000\343\000o\000\040\000l\000i\000n\000e\000a\000r\000\040\000s\000i\000m\000p\000l\000e\000s}{section.4.5}% 74
\BOOKMARK [2][-]{subsection.4.5.3}{\376\377\000E\000v\000o\000l\000u\000\347\000\343\000o\000\040\000p\000a\000r\000a\000\040\000r\000e\000g\000r\000e\000s\000s\000\343\000o\000\040\000l\000i\000n\000e\000a\000r\000\040\000m\000\372\000l\000t\000i\000p\000l\000a}{section.4.5}% 75
\BOOKMARK [2][-]{subsection.4.5.4}{\376\377\000V\000a\000l\000i\000d\000a\000\347\000\343\000o\000\040\000d\000o\000\040\000m\000o\000d\000e\000l\000o}{section.4.5}% 76
\BOOKMARK [2][-]{subsection.4.5.5}{\376\377\000P\000r\000e\000v\000i\000s\000\343\000o\000\040\000u\000t\000i\000l\000i\000z\000a\000n\000d\000o\000\040\000\341\000r\000v\000o\000r\000e\000\040\000d\000e\000\040\000c\000l\000a\000s\000s\000i\000f\000i\000c\000a\000\347\000\343\000o}{section.4.5}% 77
\BOOKMARK [0][-]{chapter.5}{\376\377\000C\000o\000n\000c\000l\000u\000s\000\365\000e\000s}{}% 78
\BOOKMARK [0][-]{section*.16}{\376\377\000R\000e\000f\000e\000r\000\352\000n\000c\000i\000a\000s}{}% 79
